
===== [2026-07-03 00:41:10] tribute-lane EXTENDED (rollout 600) =====
$ pnpm --filter @guandan/tools evald ismcts-rollout-trib ismcts-rollout-nohist 200 --auto --max-deals=1400 --seed=30001
$ tsx evald.ts ismcts-rollout-trib ismcts-rollout-nohist 200 --auto --max-deals=1400 --seed=30001

Paired-deal eval: ismcts-rollout-trib vs ismcts-rollout-nohist — batch 200, seeds from 30001, sequential until |z|≥3 or 1400 deals

  [200 deals] edge -0.0225 pts/deal, z=-0.25
  [400 deals] edge +0.0600 pts/deal, z=0.99
  [600 deals] edge +0.0433 pts/deal, z=0.88
  [800 deals] edge +0.0231 pts/deal, z=0.54
  [1000 deals] edge +0.0455 pts/deal, z=1.19
  [1200 deals] edge +0.0658 pts/deal, z=1.86
  [1400 deals] edge +0.0586 pts/deal, z=1.81

ismcts-rollout-trib  vs  ismcts-rollout-nohist   (paired deals — same deal, seats swapped, common random numbers)
  paired deals: 1400   diverging (d≠0): 834
  edge (ismcts-rollout-trib): +0.0586 deal-value pts/deal  (SE 0.0324, z=1.81)
  d histogram: -6:15  -5:35  -4:90  -3:48  -2:91  -1:114  0:566  +1:127  +2:95  +3:55  +4:102  +5:33  +6:29
  → inconclusive so far (|z| < 1.96)

(1400 paired deals = 2800 games in 10642.2s)


===== [2026-07-03 03:38:33] combo endgame+pertype EXTENDED (rollout 600) =====
$ pnpm --filter @guandan/tools evald ismcts-rollout-combo ismcts-rollout-big 200 --auto --max-deals=1400 --seed=30001
$ tsx evald.ts ismcts-rollout-combo ismcts-rollout-big 200 --auto --max-deals=1400 --seed=30001

Paired-deal eval: ismcts-rollout-combo vs ismcts-rollout-big — batch 200, seeds from 30001, sequential until |z|≥3 or 1400 deals

  [200 deals] edge +0.1175 pts/deal, z=1.19
  [400 deals] edge +0.0238 pts/deal, z=0.35
  [600 deals] edge -0.0225 pts/deal, z=-0.40
  [800 deals] edge -0.0525 pts/deal, z=-1.09
  [1000 deals] edge -0.0400 pts/deal, z=-0.92
  [1200 deals] edge -0.0392 pts/deal, z=-0.99
  [1400 deals] edge -0.0621 pts/deal, z=-1.71

ismcts-rollout-combo  vs  ismcts-rollout-big   (paired deals — same deal, seats swapped, common random numbers)
  paired deals: 1400   diverging (d≠0): 1064
  edge (ismcts-rollout-combo): -0.0621 deal-value pts/deal  (SE 0.0364, z=-1.71)
  d histogram: -6:29  -5:40  -4:133  -3:80  -2:121  -1:154  0:336  +1:151  +2:122  +3:59  +4:105  +5:44  +6:26
  → inconclusive so far (|z| < 1.96)

(1400 paired deals = 2800 games in 44176.3s)


===== [2026-07-03 15:54:51] search-data generation (7 workers × 3000 deals) =====
workers: 49791 49792 49793 49794 49795 49796 49797 — progress in ~/search-data/part-*.log
