
===== [2026-07-07 00:00:28] prep policy data (sample 0.25) =====
  /root/search-data/part-0.jsonl.gz: cumulative 53453 decisions kept
  /root/search-data/part-1.jsonl.gz: cumulative 107060 decisions kept
  /root/search-data/part-2.jsonl.gz: cumulative 160888 decisions kept
  /root/search-data/part-3.jsonl.gz: cumulative 213985 decisions kept
  /root/search-data/part-4.jsonl.gz: cumulative 267607 decisions kept
  /root/search-data/part-5.jsonl.gz: cumulative 321167 decisions kept
  /root/search-data/part-6.jsonl.gz: cumulative 374438 decisions kept

DONE: 374438 decisions (2092407 actions, avg k=5.6) from 1497804 candidates (sample=0.25), 0 key-miss drops → data/policy.bin in 1.8 min

===== [2026-07-07 00:02:19] train policy net [142,128,64,32]x[30,32,32] =====

Policy: obs[142→128→64→32] · act[30→32→32], 355717 train / 18721 val decisions; uniform-CE baseline 1.413

  epoch 1/20  train CE 1.4209  val CE 1.3941  top1 53.9%  (best 1.3941 @1)  [0.9m]
  epoch 2/20  train CE 1.4066  val CE 1.3926  top1 54.6%  (best 1.3926 @2)  [1.7m]
  epoch 3/20  train CE 1.4051  val CE 1.3911  top1 55.9%  (best 1.3911 @3)  [2.5m]
  epoch 4/20  train CE 1.4036  val CE 1.3892  top1 55.7%  (best 1.3892 @4)  [3.3m]
  epoch 5/20  train CE 1.4022  val CE 1.3893  top1 56.1%  (best 1.3892 @4)  [4.1m]
  epoch 6/20  train CE 1.4016  val CE 1.3881  top1 56.5%  (best 1.3881 @6)  [4.9m]
  epoch 7/20  train CE 1.4011  val CE 1.3878  top1 56.8%  (best 1.3878 @7)  [5.6m]
  epoch 8/20  train CE 1.4007  val CE 1.3873  top1 56.7%  (best 1.3873 @8)  [6.5m]
  epoch 9/20  train CE 1.4004  val CE 1.3877  top1 57.2%  (best 1.3873 @8)  [7.4m]
  epoch 10/20  train CE 1.4001  val CE 1.3873  top1 56.2%  (best 1.3873 @10)  [8.1m]
  epoch 11/20  train CE 1.3999  val CE 1.3873  top1 56.5%  (best 1.3873 @11)  [8.9m]
  epoch 12/20  train CE 1.3997  val CE 1.3870  top1 57.1%  (best 1.3870 @12)  [9.7m]
  epoch 13/20  train CE 1.3995  val CE 1.3865  top1 57.7%  (best 1.3865 @13)  [10.5m]
  epoch 14/20  train CE 1.3993  val CE 1.3866  top1 57.6%  (best 1.3865 @13)  [11.3m]
  epoch 15/20  train CE 1.3992  val CE 1.3864  top1 57.4%  (best 1.3864 @15)  [12.1m]
  epoch 16/20  train CE 1.3990  val CE 1.3863  top1 57.7%  (best 1.3863 @16)  [12.9m]
  epoch 17/20  train CE 1.3989  val CE 1.3865  top1 57.6%  (best 1.3863 @16)  [13.8m]
  epoch 18/20  train CE 1.3988  val CE 1.3864  top1 57.6%  (best 1.3863 @16)  [14.5m]
  epoch 19/20  train CE 1.3987  val CE 1.3861  top1 57.4%  (best 1.3861 @19)  [15.4m]
  epoch 20/20  train CE 1.3986  val CE 1.3860  top1 57.5%  (best 1.3860 @20)  [16.2m]

Saved BEST checkpoint (val CE 1.3860 @epoch 20) → data/policy-weights.json

===== [2026-07-07 00:18:33] GATE 1: policy vs heuristic =====
$ pnpm --filter @guandan/tools evald policy heuristic 300 --auto --max-deals=900 --seed=40001
$ tsx evald.ts policy heuristic 300 --auto --max-deals=900 --seed=40001

Paired-deal eval: policy vs heuristic — batch 300, seeds from 40001, sequential until |z|≥3 or 900 deals

  [300 deals] edge +0.9883 pts/deal, z=12.98

policy  vs  heuristic   (paired deals — same deal, seats swapped, common random numbers)
  paired deals: 300   diverging (d≠0): 251
  edge (policy): +0.9883 deal-value pts/deal  (SE 0.0761, z=12.98)
  d histogram: -6:2  -5:2  -4:7  -3:6  -2:9  -1:13  0:49  +1:43  +2:55  +3:9  +4:44  +5:30  +6:31
  → policy is stronger (z ≥ 3 — safe even as a sequential stop)

(300 paired deals = 600 games in 1.0s)


===== [2026-07-07 00:18:35] GATE 2: ismcts-rollout-net vs ismcts-rollout-big =====
$ pnpm --filter @guandan/tools evald ismcts-rollout-net ismcts-rollout-big 100 --auto --max-deals=400 --seed=40001
$ tsx evald.ts ismcts-rollout-net ismcts-rollout-big 100 --auto --max-deals=400 --seed=40001

Paired-deal eval: ismcts-rollout-net vs ismcts-rollout-big — batch 100, seeds from 40001, sequential until |z|≥3 or 400 deals

  [100 deals] edge -1.2500 pts/deal, z=-8.64

ismcts-rollout-net  vs  ismcts-rollout-big   (paired deals — same deal, seats swapped, common random numbers)
  paired deals: 100   diverging (d≠0): 88
  edge (ismcts-rollout-net): -1.2500 deal-value pts/deal  (SE 0.1447, z=-8.64)
  d histogram: -6:24  -5:12  -4:7  -3:1  -2:17  -1:13  0:12  +1:3  +2:7  +3:1  +4:3
  → ismcts-rollout-big is stronger (z ≤ −3 — safe even as a sequential stop)

(100 paired deals = 200 games in 4650.1s)


ROUND1_COMPLETE
